#
# There is insufficient memory for the Java Runtime Environment to continue.
# Native memory allocation (malloc) failed to allocate 1048576 bytes for AllocateHeap
# Possible reasons:
#   The system is out of physical RAM or swap space
#   The process is running with CompressedOops enabled, and the Java Heap may be blocking the growth of the native heap
# Possible solutions:
#   Reduce memory load on the system
#   Increase physical memory or swap space
#   Check if swap backing store is full
#   Decrease Java heap size (-Xmx/-Xms)
#   Decrease number of Java threads
#   Decrease Java thread stack sizes (-Xss)
#   Set larger code cache with -XX:ReservedCodeCacheSize=
#   JVM is running with Unscaled Compressed Oops mode in which the Java heap is
#     placed in the first 4GB address space. The Java Heap base address is the
#     maximum limit for the native heap growth. Please use -XX:HeapBaseMinAddress
#     to set the Java Heap base and to place the Java Heap above 4GB virtual address.
# This output file may be truncated or incomplete.
#
#  Out of Memory Error (memory/allocation.inline.hpp:61), pid=656, tid=0x000000000000370c
#
# JRE version:  (8.0_361) (build )
# Java VM: Java HotSpot(TM) 64-Bit Server VM (25.361-b09 mixed mode windows-amd64 compressed oops)
# Failed to write core dump. Minidumps are not enabled by default on client versions of Windows
#

---------------  T H R E A D  ---------------

Current thread (0x000001e914a5f800):  JavaThread "Unknown thread" [_thread_in_vm, id=14092, stack(0x0000003bc7900000,0x0000003bc7a00000)]

Stack: [0x0000003bc7900000,0x0000003bc7a00000]
Native frames: (J=compiled Java code, j=interpreted, Vv=VM code, C=native code)
V  [jvm.dll+0x3317a9]
V  [jvm.dll+0x277c4e]
V  [jvm.dll+0x27888d]
V  [jvm.dll+0x26f0d5]
V  [jvm.dll+0x509d]
V  [jvm.dll+0x3d5e83]
V  [jvm.dll+0x3d6898]
V  [jvm.dll+0xfd0df]
V  [jvm.dll+0x20c29b]
V  [jvm.dll+0x23adc7]
V  [jvm.dll+0x1637b6]
C  [javaw.exe+0x2322]
C  [javaw.exe+0x16544]
C  [KERNEL32.DLL+0x17604]
C  [ntdll.dll+0x526a1]


---------------  P R O C E S S  ---------------

Java Threads: ( => current thread )

Other Threads:

=>0x000001e914a5f800 (exited) JavaThread "Unknown thread" [_thread_in_vm, id=14092, stack(0x0000003bc7900000,0x0000003bc7a00000)]

VM state:not at safepoint (normal execution)

VM Mutex/Monitor currently owned by a thread: None

heap address: 0x00000000c3000000, size: 976 MB, Compressed Oops mode: 32-bit
Narrow klass base: 0x0000000000000000, Narrow klass shift: 3
Compressed class space size: 1073741824 Address: 0x0000000100000000

Heap:
 PSYoungGen      total 18432K, used 317K [0x00000000ebb00000, 0x00000000ecf80000, 0x0000000100000000)
  eden space 15872K, 2% used [0x00000000ebb00000,0x00000000ebb4f5d0,0x00000000eca80000)
  from space 2560K, 0% used [0x00000000ecd00000,0x00000000ecd00000,0x00000000ecf80000)
  to   space 2560K, 0% used [0x00000000eca80000,0x00000000eca80000,0x00000000ecd00000)
 ParOldGen       total 42496K, used 0K [0x00000000c3000000, 0x00000000c5980000, 0x00000000ebb00000)
  object space 42496K, 0% used [0x00000000c3000000,0x00000000c3000000,0x00000000c5980000)
 Metaspace       used 751K, capacity 4480K, committed 4480K, reserved 1056768K
  class space    used 76K, capacity 384K, committed 384K, reserved 1048576K

Card table byte_map: [0x000001e9257a0000,0x000001e925990000] byte_map_base: 0x000001e925188000

Marking Bits: (ParMarkBitMap*) 0x00000000663fb090
 Begin Bits: [0x000001e925ae0000, 0x000001e926a20000)
 End Bits:   [0x000001e926a20000, 0x000001e927960000)

Polling page: 0x000001e9149f0000

CodeCache: size=245760Kb used=329Kb max_used=329Kb free=245430Kb
 bounds [0x000001e9163e0000, 0x000001e916650000, 0x000001e9253e0000]
 total_blobs=58 nmethods=0 adapters=38
 compilation: enabled

Compilation events (0 events):
No events

GC Heap History (0 events):
No events

Deoptimization events (0 events):
No events

Classes redefined (0 events):
No events

Internal exceptions (0 events):
No events

Events (10 events):
Event: 0.030 loading class java/lang/Short
Event: 0.030 loading class java/lang/Short done
Event: 0.030 loading class java/lang/Integer
Event: 0.030 loading class java/lang/Integer done
Event: 0.030 loading class java/lang/Long
Event: 0.030 loading class java/lang/Long done
Event: 0.031 loading class java/lang/NullPointerException
Event: 0.031 loading class java/lang/NullPointerException done
Event: 0.031 loading class java/lang/ArithmeticException
Event: 0.031 loading class java/lang/ArithmeticException done


Dynamic libraries:
0x00007ff776200000 - 0x00007ff776247000 	C:\Program Files\Java\jre1.8.0_361\bin\javaw.exe
0x00007ffef71d0000 - 0x00007ffef73c8000 	C:\WINDOWS\SYSTEM32\ntdll.dll
0x00007ffef5480000 - 0x00007ffef553f000 	C:\WINDOWS\System32\KERNEL32.DLL
0x00007ffef4b20000 - 0x00007ffef4dfa000 	C:\WINDOWS\System32\KERNELBASE.dll
0x00007ffef65a0000 - 0x00007ffef664e000 	C:\WINDOWS\System32\ADVAPI32.dll
0x00007ffef5b10000 - 0x00007ffef5bae000 	C:\WINDOWS\System32\msvcrt.dll
0x00007ffef5c20000 - 0x00007ffef5cbc000 	C:\WINDOWS\System32\sechost.dll
0x00007ffef7060000 - 0x00007ffef7186000 	C:\WINDOWS\System32\RPCRT4.dll
0x00007ffef52e0000 - 0x00007ffef547d000 	C:\WINDOWS\System32\USER32.dll
0x00007ffef5090000 - 0x00007ffef50b2000 	C:\WINDOWS\System32\win32u.dll
0x00007ffef6cd0000 - 0x00007ffef6cfb000 	C:\WINDOWS\System32\GDI32.dll
0x00007ffef4970000 - 0x00007ffef4a80000 	C:\WINDOWS\System32\gdi32full.dll
0x00007ffef4a80000 - 0x00007ffef4b1d000 	C:\WINDOWS\System32\msvcp_win.dll
0x00007ffef5130000 - 0x00007ffef5230000 	C:\WINDOWS\System32\ucrtbase.dll
0x00007ffedb7b0000 - 0x00007ffedba4a000 	C:\WINDOWS\WinSxS\amd64_microsoft.windows.common-controls_6595b64144ccf1df_6.0.19041.1110_none_60b5254171f9507e\COMCTL32.dll
0x00007ffef5790000 - 0x00007ffef57c0000 	C:\WINDOWS\System32\IMM32.DLL
0x00007ffee6aa0000 - 0x00007ffee6ab5000 	C:\Program Files\Java\jre1.8.0_361\bin\vcruntime140.dll
0x00007ffeb5980000 - 0x00007ffeb5a1b000 	C:\Program Files\Java\jre1.8.0_361\bin\msvcp140.dll
0x0000000065c10000 - 0x0000000066473000 	C:\Program Files\Java\jre1.8.0_361\bin\server\jvm.dll
0x00007ffef6590000 - 0x00007ffef6598000 	C:\WINDOWS\System32\PSAPI.DLL
0x00007ffeee110000 - 0x00007ffeee11a000 	C:\WINDOWS\SYSTEM32\VERSION.dll
0x00007ffed8990000 - 0x00007ffed89b7000 	C:\WINDOWS\SYSTEM32\WINMM.dll
0x00007ffed5ff0000 - 0x00007ffed5ff9000 	C:\WINDOWS\SYSTEM32\WSOCK32.dll
0x00007ffef5bb0000 - 0x00007ffef5c1b000 	C:\WINDOWS\System32\WS2_32.dll
0x00007ffef3130000 - 0x00007ffef3142000 	C:\WINDOWS\SYSTEM32\kernel.appcore.dll
0x00007ffef1c10000 - 0x00007ffef1c20000 	C:\Program Files\Java\jre1.8.0_361\bin\verify.dll
0x00007ffedb630000 - 0x00007ffedb65b000 	C:\Program Files\Java\jre1.8.0_361\bin\java.dll
0x00007ffeeffe0000 - 0x00007ffeefff8000 	C:\Program Files\Java\jre1.8.0_361\bin\zip.dll
0x00007ffef26a0000 - 0x00007ffef2884000 	C:\WINDOWS\SYSTEM32\dbghelp.dll
0x00007ffef48e0000 - 0x00007ffef4962000 	C:\WINDOWS\System32\bcryptPrimitives.dll

VM Arguments:
jvm_args: -Dfile.encoding=Cp1252 
java_command: Collection.TestTreeSet
java_class_path (initial): C:\Users\HP\Desktop\JAVA PROGRAMS\JavaExample\bin
Launcher Type: SUN_STANDARD

Environment Variables:
JAVA_HOME=C:\Program Files\Java\jdk1.8.0_361
PATH=C:/Program Files/Java/jre1.8.0_361/bin/server;C:/Program Files/Java/jre1.8.0_361/bin;C:/Program Files/Java/jre1.8.0_361/lib/amd64;C:\Program Files (x86)\Common Files\Oracle\Java\javapath;G:\oracle\product\10.2.0\db_1\bin;C:\WINDOWS\system32;C:\WINDOWS;C:\WINDOWS\System32\Wbem;C:\WINDOWS\System32\WindowsPowerShell\v1.0\;C:\WINDOWS\System32\OpenSSH\;C:\MinGW\;C:\Program Files\nodejs\;C:\Program Files\dotnet\;C:\Program Files\Java\jdk1.8.0_361\bin;C:\Users\HP\AppData\Local\Microsoft\WindowsApps;C:\Users\HP\Desktop\mingw32\bin;C:\MinGW\bin;C:\Program Files\Java\jdk-18.0.2\bin;C:\MinGW\bin;C:\Users\HP\AppData\Roaming\npm;D:\ProgramFilesDrive\Microsoft VS Code\bin;C:\Users\HP\Desktop\J2EE Software\apache-tomcat-8.0.30\bin;;C:\Users\HP\Contacts\Downloads\eclipse;
USERNAME=HP
OS=Windows_NT
PROCESSOR_IDENTIFIER=Intel64 Family 6 Model 142 Stepping 12, GenuineIntel



---------------  S Y S T E M  ---------------

OS: Windows 10 , 64 bit Build 19041 (10.0.19041.2788)

CPU:total 8 (initial active 8) (4 cores per cpu, 2 threads per core) family 6 model 142 stepping 12, cmov, cx8, fxsr, mmx, sse, sse2, sse3, ssse3, sse4.1, sse4.2, popcnt, avx, avx2, aes, clmul, erms, 3dnowpref, lzcnt, ht, tsc, tscinvbit, bmi1, bmi2, adx

Memory: 4k page, physical 3993588k(525308k free), swap 6090740k(5132k free)

vm_info: Java HotSpot(TM) 64-Bit Server VM (25.361-b09) for windows-amd64 JRE (1.8.0_361-b09), built on Jan  9 2023 08:38:53 by "java_re" with MS VC++ 15.9 (VS2017)

time: Thu May  4 15:17:44 2023
timezone: India Standard Time
elapsed time: 0.059844 seconds (0d 0h 0m 0s)

