#
# There is insufficient memory for the Java Runtime Environment to continue.
# Native memory allocation (malloc) failed to allocate 1048576 bytes for AllocateHeap
# Possible reasons:
#   The system is out of physical RAM or swap space
#   The process is running with CompressedOops enabled, and the Java Heap may be blocking the growth of the native heap
# Possible solutions:
#   Reduce memory load on the system
#   Increase physical memory or swap space
#   Check if swap backing store is full
#   Decrease Java heap size (-Xmx/-Xms)
#   Decrease number of Java threads
#   Decrease Java thread stack sizes (-Xss)
#   Set larger code cache with -XX:ReservedCodeCacheSize=
#   JVM is running with Unscaled Compressed Oops mode in which the Java heap is
#     placed in the first 4GB address space. The Java Heap base address is the
#     maximum limit for the native heap growth. Please use -XX:HeapBaseMinAddress
#     to set the Java Heap base and to place the Java Heap above 4GB virtual address.
# This output file may be truncated or incomplete.
#
#  Out of Memory Error (memory/allocation.inline.hpp:61), pid=2088, tid=0x0000000000004184
#
# JRE version:  (8.0_361) (build )
# Java VM: Java HotSpot(TM) 64-Bit Server VM (25.361-b09 mixed mode windows-amd64 compressed oops)
# Failed to write core dump. Minidumps are not enabled by default on client versions of Windows
#

---------------  T H R E A D  ---------------

Current thread (0x00000272bdc11800):  JavaThread "Unknown thread" [_thread_in_vm, id=16772, stack(0x000000ba98700000,0x000000ba98800000)]

Stack: [0x000000ba98700000,0x000000ba98800000]
Native frames: (J=compiled Java code, j=interpreted, Vv=VM code, C=native code)
V  [jvm.dll+0x3317a9]
V  [jvm.dll+0x277c4e]
V  [jvm.dll+0x27888d]
V  [jvm.dll+0x26f0d5]
V  [jvm.dll+0x509d]
V  [jvm.dll+0x3cc0fd]
V  [jvm.dll+0x3cce7a]
V  [jvm.dll+0x3c8e07]
V  [jvm.dll+0xfd0df]
V  [jvm.dll+0x20c29b]
V  [jvm.dll+0x23adc7]
V  [jvm.dll+0x1637b6]
C  [javaw.exe+0x2322]
C  [javaw.exe+0x16544]
C  [KERNEL32.DLL+0x17604]
C  [ntdll.dll+0x526a1]


---------------  P R O C E S S  ---------------

Java Threads: ( => current thread )

Other Threads:

=>0x00000272bdc11800 (exited) JavaThread "Unknown thread" [_thread_in_vm, id=16772, stack(0x000000ba98700000,0x000000ba98800000)]

VM state:not at safepoint (normal execution)

VM Mutex/Monitor currently owned by a thread: None

heap address: 0x00000000c3000000, size: 976 MB, Compressed Oops mode: 32-bit
Narrow klass base: 0x0000000000000000, Narrow klass shift: 3
Compressed class space size: 1073741824 Address: 0x0000000100000000

Heap:
 PSYoungGen      total 18432K, used 317K [0x00000000ebb00000, 0x00000000ecf80000, 0x0000000100000000)
  eden space 15872K, 2% used [0x00000000ebb00000,0x00000000ebb4f5d0,0x00000000eca80000)
  from space 2560K, 0% used [0x00000000ecd00000,0x00000000ecd00000,0x00000000ecf80000)
  to   space 2560K, 0% used [0x00000000eca80000,0x00000000eca80000,0x00000000ecd00000)
 ParOldGen       total 42496K, used 0K [0x00000000c3000000, 0x00000000c5980000, 0x00000000ebb00000)
  object space 42496K, 0% used [0x00000000c3000000,0x00000000c3000000,0x00000000c5980000)
 Metaspace       used 751K, capacity 4480K, committed 4480K, reserved 1056768K
  class space    used 76K, capacity 384K, committed 384K, reserved 1048576K

Card table byte_map: [0x00000272ce9f0000,0x00000272cebe0000] byte_map_base: 0x00000272ce3d8000

Marking Bits: (ParMarkBitMap*) 0x0000000060d8b090
 Begin Bits: [0x00000272ced30000, 0x00000272cfc70000)
 End Bits:   [0x00000272cfc70000, 0x00000272d0bb0000)

Polling page: 0x00000272bf600000

CodeCache: size=245760Kb used=329Kb max_used=329Kb free=245430Kb
 bounds [0x00000272bf630000, 0x00000272bf8a0000, 0x00000272ce630000]
 total_blobs=58 nmethods=0 adapters=38
 compilation: enabled

Compilation events (0 events):
No events

GC Heap History (0 events):
No events

Deoptimization events (0 events):
No events

Classes redefined (0 events):
No events

Internal exceptions (0 events):
No events

Events (10 events):
Event: 0.025 loading class java/lang/Short
Event: 0.025 loading class java/lang/Short done
Event: 0.025 loading class java/lang/Integer
Event: 0.025 loading class java/lang/Integer done
Event: 0.025 loading class java/lang/Long
Event: 0.025 loading class java/lang/Long done
Event: 0.025 loading class java/lang/NullPointerException
Event: 0.025 loading class java/lang/NullPointerException done
Event: 0.025 loading class java/lang/ArithmeticException
Event: 0.025 loading class java/lang/ArithmeticException done


Dynamic libraries:
0x00007ff7e5420000 - 0x00007ff7e5467000 	C:\Program Files\Java\jre1.8.0_361\bin\javaw.exe
0x00007ffb027b0000 - 0x00007ffb029a8000 	C:\WINDOWS\SYSTEM32\ntdll.dll
0x00007ffb00cc0000 - 0x00007ffb00d7f000 	C:\WINDOWS\System32\KERNEL32.DLL
0x00007ffb00530000 - 0x00007ffb0080a000 	C:\WINDOWS\System32\KERNELBASE.dll
0x00007ffb02650000 - 0x00007ffb026fe000 	C:\WINDOWS\System32\ADVAPI32.dll
0x00007ffb025b0000 - 0x00007ffb0264e000 	C:\WINDOWS\System32\msvcrt.dll
0x00007ffb00be0000 - 0x00007ffb00c7c000 	C:\WINDOWS\System32\sechost.dll
0x00007ffb01c80000 - 0x00007ffb01da6000 	C:\WINDOWS\System32\RPCRT4.dll
0x00007ffb01210000 - 0x00007ffb013ad000 	C:\WINDOWS\System32\USER32.dll
0x00007ffaffef0000 - 0x00007ffafff12000 	C:\WINDOWS\System32\win32u.dll
0x00007ffb00c90000 - 0x00007ffb00cbb000 	C:\WINDOWS\System32\GDI32.dll
0x00007ffb00360000 - 0x00007ffb00470000 	C:\WINDOWS\System32\gdi32full.dll
0x00007ffafff20000 - 0x00007ffafffbd000 	C:\WINDOWS\System32\msvcp_win.dll
0x00007ffafffc0000 - 0x00007ffb000c0000 	C:\WINDOWS\System32\ucrtbase.dll
0x00007ffaddcd0000 - 0x00007ffaddf6a000 	C:\WINDOWS\WinSxS\amd64_microsoft.windows.common-controls_6595b64144ccf1df_6.0.19041.1110_none_60b5254171f9507e\COMCTL32.dll
0x00007ffb00e80000 - 0x00007ffb00eb0000 	C:\WINDOWS\System32\IMM32.DLL
0x00007ffadf100000 - 0x00007ffadf115000 	C:\Program Files\Java\jre1.8.0_361\bin\vcruntime140.dll
0x00007ffac84c0000 - 0x00007ffac855b000 	C:\Program Files\Java\jre1.8.0_361\bin\msvcp140.dll
0x00000000605a0000 - 0x0000000060e03000 	C:\Program Files\Java\jre1.8.0_361\bin\server\jvm.dll
0x00007ffb00c80000 - 0x00007ffb00c88000 	C:\WINDOWS\System32\PSAPI.DLL
0x00007ffadf670000 - 0x00007ffadf679000 	C:\WINDOWS\SYSTEM32\WSOCK32.dll
0x00007ffaf9240000 - 0x00007ffaf924a000 	C:\WINDOWS\SYSTEM32\VERSION.dll
0x00007ffb02700000 - 0x00007ffb0276b000 	C:\WINDOWS\System32\WS2_32.dll
0x00007ffadf7a0000 - 0x00007ffadf7c7000 	C:\WINDOWS\SYSTEM32\WINMM.dll
0x00007ffafe710000 - 0x00007ffafe722000 	C:\WINDOWS\SYSTEM32\kernel.appcore.dll
0x00007ffafd120000 - 0x00007ffafd130000 	C:\Program Files\Java\jre1.8.0_361\bin\verify.dll
0x00007ffad9be0000 - 0x00007ffad9c0b000 	C:\Program Files\Java\jre1.8.0_361\bin\java.dll
0x00007ffae8b40000 - 0x00007ffae8b58000 	C:\Program Files\Java\jre1.8.0_361\bin\zip.dll
0x00007ffafdc80000 - 0x00007ffafde64000 	C:\WINDOWS\SYSTEM32\dbghelp.dll
0x00007ffb002d0000 - 0x00007ffb00352000 	C:\WINDOWS\System32\bcryptPrimitives.dll

VM Arguments:
jvm_args: -Dfile.encoding=Cp1252 
java_command: Student
java_class_path (initial): C:\Users\HP\Desktop\JAVA PROGRAMS\JavaExample\bin
Launcher Type: SUN_STANDARD

Environment Variables:
JAVA_HOME=C:\Program Files\Java\jdk1.8.0_361
PATH=C:/Program Files/Java/jre1.8.0_361/bin/server;C:/Program Files/Java/jre1.8.0_361/bin;C:/Program Files/Java/jre1.8.0_361/lib/amd64;C:\Program Files (x86)\Common Files\Oracle\Java\javapath;G:\oracle\product\10.2.0\db_1\bin;C:\WINDOWS\system32;C:\WINDOWS;C:\WINDOWS\System32\Wbem;C:\WINDOWS\System32\WindowsPowerShell\v1.0\;C:\WINDOWS\System32\OpenSSH\;C:\MinGW\;C:\Program Files\nodejs\;C:\Program Files\dotnet\;C:\Program Files\Java\jdk1.8.0_361\bin;C:\Users\HP\AppData\Local\Microsoft\WindowsApps;C:\Users\HP\Desktop\mingw32\bin;C:\MinGW\bin;C:\Program Files\Java\jdk-18.0.2\bin;C:\MinGW\bin;C:\Users\HP\AppData\Roaming\npm;D:\ProgramFilesDrive\Microsoft VS Code\bin;C:\Users\HP\Desktop\J2EE Software\apache-tomcat-8.0.30\bin;;C:\Users\HP\Contacts\Downloads\eclipse;
USERNAME=HP
OS=Windows_NT
PROCESSOR_IDENTIFIER=Intel64 Family 6 Model 142 Stepping 12, GenuineIntel



---------------  S Y S T E M  ---------------

OS: Windows 10 , 64 bit Build 19041 (10.0.19041.2788)

CPU:total 8 (initial active 8) (4 cores per cpu, 2 threads per core) family 6 model 142 stepping 12, cmov, cx8, fxsr, mmx, sse, sse2, sse3, ssse3, sse4.1, sse4.2, popcnt, avx, avx2, aes, clmul, erms, 3dnowpref, lzcnt, ht, tsc, tscinvbit, bmi1, bmi2, adx

Memory: 4k page, physical 3993588k(410200k free), swap 6090704k(4460k free)

vm_info: Java HotSpot(TM) 64-Bit Server VM (25.361-b09) for windows-amd64 JRE (1.8.0_361-b09), built on Jan  9 2023 08:38:53 by "java_re" with MS VC++ 15.9 (VS2017)

time: Mon May  1 16:57:25 2023
timezone: India Standard Time
elapsed time: 0.100468 seconds (0d 0h 0m 0s)

